Added Component: Designator=C1(0402)
Add component (AddParameter): Name = "Reference"; Value = ""; VariantName = "[No Variations]"
Add component (AddParameter): Name = "Value"; Value = "100nF"; VariantName = "[No Variations]"
Added Component: Designator=DA1(SOIC8)
Add component (AddParameter): Name = "Reference"; Value = "https://aliexpress.ru/item/4001190146547.html?spm=a2g0o.search0302.0.0.391f12cf68ntH5&algo_pvid=4adb70b5-0f0b-41d6-8c9b-7ba1863a7116&algo_expid=4adb70b5-0f0b-41d6-8c9b-7ba1863a7116-55&btsid=0b8b035916096811941256657eb370&ws_ab_test=searchweb0_0,searchweb201602_,searchweb201603_&sku_id=10000015233570585"; VariantName = "[No Variations]"
Added Component: Designator=R1(0402)
Add component (AddParameter): Name = "Reference"; Value = ""; VariantName = "[No Variations]"
Add component (AddParameter): Name = "TU"; Value = "ÿ ¿¡.434110.002“”"; VariantName = "[No Variations]"
Add component (AddParameter): Name = "value"; Value = "4k7"; VariantName = "[No Variations]"
Added Component: Designator=R2(0402)
Add component (AddParameter): Name = "Reference"; Value = ""; VariantName = "[No Variations]"
Add component (AddParameter): Name = "TU"; Value = "ÿ ¿¡.434110.002“”"; VariantName = "[No Variations]"
Add component (AddParameter): Name = "value"; Value = "4k7"; VariantName = "[No Variations]"
Added Component: Designator=X1(4pin)
Add component (AddParameter): Name = "LineName1"; Value = "+3.3V"; VariantName = "[No Variations]"
Add component (AddParameter): Name = "LineName2"; Value = "GND"; VariantName = "[No Variations]"
Add component (AddParameter): Name = "LineName3"; Value = "SDA"; VariantName = "[No Variations]"
Add component (AddParameter): Name = "LineName4"; Value = "SCL"; VariantName = "[No Variations]"
Added Pin To Net: NetName=+3.3V Pin=C1-2
Added Pin To Net: NetName=+3.3V Pin=DA1-1
Added Pin To Net: NetName=+3.3V Pin=DA1-2
Added Pin To Net: NetName=+3.3V Pin=DA1-8
Added Pin To Net: NetName=+3.3V Pin=R1-1
Added Pin To Net: NetName=+3.3V Pin=R2-2
Added Pin To Net: NetName=+3.3V Pin=X1-1
Added Net: Name=+3.3V
Added Pin To Net: NetName=GND Pin=C1-1
Added Pin To Net: NetName=GND Pin=DA1-4
Added Pin To Net: NetName=GND Pin=DA1-5
Added Pin To Net: NetName=GND Pin=X1-2
Added Net: Name=GND
Added Pin To Net: NetName=SCL Pin=DA1-7
Added Pin To Net: NetName=SCL Pin=R1-2
Added Pin To Net: NetName=SCL Pin=X1-4
Added Net: Name=SCL
Added Pin To Net: NetName=SDA Pin=DA1-6
Added Pin To Net: NetName=SDA Pin=R2-1
Added Pin To Net: NetName=SDA Pin=X1-3
Added Net: Name=SDA
Added Class: Name=Sensor_plate
