Change Component Designator: Old Designator=C1 New Designator=C10
Change Component Designator: Old Designator=C2 New Designator=C11
Change Component Designator: Old Designator=C3 New Designator=C1
Change Component Designator: Old Designator=C4 New Designator=C3
Change Component Designator: Old Designator=C5 New Designator=C12
Change Component Designator: Old Designator=C6 New Designator=C13
Change Component Designator: Old Designator=C7 New Designator=C5
Change Component Designator: Old Designator=C8 New Designator=C6
Change Component Designator: Old Designator=C9 New Designator=C14
Change Component Designator: Old Designator=C10 New Designator=C15
Change Component Designator: Old Designator=C11 New Designator=C9
Change Component Designator: Old Designator=C12 New Designator=C16
Change Component Designator: Old Designator=C13 New Designator=C17
Change Component Designator: Old Designator=C17 New Designator=C2
Change Component Designator: Old Designator=C20 New Designator=C4
Change Component Designator: Old Designator=C23 New Designator=C7
Change Component Designator: Old Designator=C25 New Designator=C8
Change Component Designator: Old Designator=DD1 New Designator=DD2
Change Component Designator: Old Designator=DD3 New Designator=DD1
Change Component Designator: Old Designator=L2 New Designator=L1
Change Component Designator: Old Designator=R2 New Designator=R3
Change Component Designator: Old Designator=R3 New Designator=R4
Change Component Designator: Old Designator=R4 New Designator=R5
Change Component Designator: Old Designator=R5 New Designator=R6
Change Component Designator: Old Designator=R6 New Designator=R2
Change Component Designator: Old Designator=VD1 New Designator=VD2
Change Component Designator: Old Designator=VD2 New Designator=VD3
Change Component Designator: Old Designator=VD5 New Designator=VD1
Change Component Designator: Old Designator=X2 New Designator=X4
Change Component Designator: Old Designator=X3 New Designator=X5
Change Component Designator: Old Designator=X4 New Designator=X6
Change Component Designator: Old Designator=X5 New Designator=X2
Change Component Designator: Old Designator=X6 New Designator=X3
