Change Component Designator: OldDesignator=C1 NewDesignator=C10
Change Component Designator: OldDesignator=C2 NewDesignator=C11
Change Component Designator: OldDesignator=C3 NewDesignator=C1
Change Component Designator: OldDesignator=C4 NewDesignator=C3
Change Component Designator: OldDesignator=C5 NewDesignator=C12
Change Component Designator: OldDesignator=C6 NewDesignator=C13
Change Component Designator: OldDesignator=C7 NewDesignator=C5
Change Component Designator: OldDesignator=C8 NewDesignator=C6
Change Component Designator: OldDesignator=C10 NewDesignator=C14
Change Component Designator: OldDesignator=C11 NewDesignator=C15
Change Component Designator: OldDesignator=C12 NewDesignator=C16
Change Component Designator: OldDesignator=C13 NewDesignator=C17
Change Component Designator: OldDesignator=C14 NewDesignator=C2
Change Component Designator: OldDesignator=C15 NewDesignator=C4
Change Component Designator: OldDesignator=C16 NewDesignator=C7
Change Component Designator: OldDesignator=C17 NewDesignator=C8
Change Component Designator: OldDesignator=DD1 NewDesignator=DD2
Change Component Designator: OldDesignator=DD2 NewDesignator=DD1
Change Component Designator: OldDesignator=R2 NewDesignator=R3
Change Component Designator: OldDesignator=R3 NewDesignator=R4
Change Component Designator: OldDesignator=R4 NewDesignator=R5
Change Component Designator: OldDesignator=R5 NewDesignator=R6
Change Component Designator: OldDesignator=R6 NewDesignator=R2
Change Component Designator: OldDesignator=VD1 NewDesignator=VD2
Change Component Designator: OldDesignator=VD2 NewDesignator=VD3
Change Component Designator: OldDesignator=VD3 NewDesignator=VD1
Change Component Designator: OldDesignator=X2 NewDesignator=X4
Change Component Designator: OldDesignator=X3 NewDesignator=X5
Change Component Designator: OldDesignator=X4 NewDesignator=X6
Change Component Designator: OldDesignator=X5 NewDesignator=X3
Change Component Designator: OldDesignator=X6 NewDesignator=X2
