Removed Pin From Net: NetName=GND Pin=C14-2
Removed Pin From Net: NetName=GND Pin=C15-2
Removed Pin From Net: NetName=GND Pin=C16-2
Removed Pin From Net: NetName=+3.3V Pin=C18-1
Removed Pin From Net: NetName=GND Pin=C18-2
Removed Pin From Net: NetName=GND Pin=C19-2
Removed Pin From Net: NetName=GND Pin=C21-2
Removed Pin From Net: NetName=+12V Pin=C22-1
Removed Pin From Net: NetName=GND Pin=C22-2
Removed Pin From Net: NetName=GND Pin=C24-1
Removed Pin From Net: NetName=+12V Pin=C24-2
Removed Pin From Net: NetName=GND Pin=DD2-3
Removed Pin From Net: NetName=+12V Pin=DD2-4
Removed Pin From Net: NetName=GND Pin=DD2-5
Removed Pin From Net: NetName=+3.3V Pin=DD4-2
Removed Pin From Net: NetName=+12V Pin=L1-2
Removed Pin From Net: NetName=+IP Pin=PA1-1
Removed Pin From Net: NetName=+IP Pin=PA1-2
Removed Pin From Net: NetName=GND Pin=PA1-5
Removed Pin From Net: NetName=VIOUT Pin=PA1-7
Removed Pin From Net: NetName=+3.3V Pin=R7-1
Removed Pin From Net: NetName=GND Pin=VD3-2
Removed Pin From Net: NetName=GND Pin=VD4-1
Removed Member From Class: ClassName=Base_plate Member=C18
Removed Member From Class: ClassName=Base_plate Member=C19
Removed Member From Class: ClassName=Base_plate Member=C20
Removed Member From Class: ClassName=Base_plate Member=C21
Removed Member From Class: ClassName=Base_plate Member=C22
Removed Member From Class: ClassName=Base_plate Member=C23
Removed Member From Class: ClassName=Base_plate Member=C24
Removed Member From Class: ClassName=Base_plate Member=C25
Removed Member From Class: ClassName=Base_plate Member=DD3
Removed Member From Class: ClassName=Base_plate Member=DD4
Removed Member From Class: ClassName=Base_plate Member=L2
Removed Member From Class: ClassName=Base_plate Member=PA1
Removed Member From Class: ClassName=Base_plate Member=R7
Removed Member From Class: ClassName=Base_plate Member=VD4
Removed Member From Class: ClassName=Base_plate Member=VD5
Change Component Footprint: Designator=R1 Old Footprint=0603 New Footprint=0402
Change Component Footprint: Designator=R6 Old Footprint=0603 New Footprint=0402
Change Component Comment : Designator=C1 Old Comment=1 uF New Comment=1ÏÍ‘
Change Component Comment : Designator=C2 Old Comment=1 uF New Comment=1ÏÍ‘
Change Component Comment : Designator=C5 Old Comment=1 uF New Comment=1ÏÍ‘
Change Component Comment : Designator=C6 Old Comment=1 uF New Comment=1ÏÍ‘
Change Component Comment : Designator=C3 Old Comment=10 uF New Comment=10ÏÍ‘
Change Component Comment : Designator=C4 Old Comment=10 uF New Comment=10ÏÍ‘
Change Component Comment : Designator=C7 Old Comment=10 uF New Comment=10ÏÍ‘
Change Component Comment : Designator=C8 Old Comment=10 uF New Comment=10ÏÍ‘
Change Component Comment : Designator=C11 Old Comment=10 uF New Comment=10ÏÍ‘
Change Component Comment : Designator=C12 Old Comment=10 uF New Comment=10ÏÍ‘
Change Component Comment : Designator=C13 Old Comment=10 uF New Comment=10ÏÍ‘
Change Component Comment : Designator=C20 Old Comment=10 uF New Comment=10ÏÍ‘
Change Component Comment : Designator=C25 Old Comment=10 uF New Comment=10ÏÍ‘
Change Component Comment : Designator=C23 Old Comment=220 uF New Comment=220ÏÍ‘
Change Component Comment : Designator=C9 Old Comment=1000 uF New Comment=1000ÏÍ‘
Change Component Comment : Designator=C10 Old Comment=1000 uF New Comment=1000ÏÍ‘
Change Component Comment : Designator=C17 Old Comment=1000 uF New Comment=1000ÏÍ‘
Change Component Designator: OldDesignator=C9 NewDesignator=C10
Change Component Designator: OldDesignator=C10 NewDesignator=C11
Change Component Designator: OldDesignator=C11 NewDesignator=C9
Change Component Designator: OldDesignator=C17 NewDesignator=C14
Change Component Designator: OldDesignator=C20 NewDesignator=C15
Change Component Designator: OldDesignator=C23 NewDesignator=C16
Change Component Designator: OldDesignator=C25 NewDesignator=C17
Change Component Designator: OldDesignator=DD3 NewDesignator=DD2
Change Component Designator: OldDesignator=L2 NewDesignator=L1
Change Component Designator: OldDesignator=VD5 NewDesignator=VD3
Change Component Designator: OldDesignator=X5 NewDesignator=X6
Change Component Designator: OldDesignator=X6 NewDesignator=X5
Change component parameters: Designator = "R1" ("R1"); Footprint = "0603"; UniqueID = "\MTQBJEAX" ("\MTQBJEAX")
Change component parameters (AddParameter): Name = "Reference"; Value = ""; VariantName = "[No Variations]"
Change component parameters (AddParameter): Name = "TU"; Value = "ÿ ¿¡.434110.002“”"; VariantName = "[No Variations]"
Change component parameters (AddParameter): Name = "value"; Value = "430 ŒÏ"; VariantName = "[No Variations]"
Change component parameters: Designator = "R2" ("R2"); Footprint = "0402"; UniqueID = "\WOCOHGHF" ("\WOCOHGHF")
Change component parameters (AddParameter): Name = "Reference"; Value = ""; VariantName = "[No Variations]"
Change component parameters (AddParameter): Name = "TU"; Value = "ÿ ¿¡.434110.002“”"; VariantName = "[No Variations]"
Change component parameters (AddParameter): Name = "value"; Value = "10 ŒÏ"; VariantName = "[No Variations]"
Change component parameters: Designator = "R3" ("R3"); Footprint = "0402"; UniqueID = "\WONHGZSX" ("\WONHGZSX")
Change component parameters (AddParameter): Name = "Reference"; Value = ""; VariantName = "[No Variations]"
Change component parameters (AddParameter): Name = "TU"; Value = "ÿ ¿¡.434110.002“”"; VariantName = "[No Variations]"
Change component parameters (AddParameter): Name = "value"; Value = "10 ŒÏ"; VariantName = "[No Variations]"
Change component parameters: Designator = "R4" ("R4"); Footprint = "0402"; UniqueID = "\ROWGHZRU" ("\ROWGHZRU")
Change component parameters (AddParameter): Name = "Reference"; Value = ""; VariantName = "[No Variations]"
Change component parameters (AddParameter): Name = "TU"; Value = "ÿ ¿¡.434110.002“”"; VariantName = "[No Variations]"
Change component parameters (AddParameter): Name = "value"; Value = "10 ŒÏ"; VariantName = "[No Variations]"
Change component parameters: Designator = "R5" ("R5"); Footprint = "0402"; UniqueID = "\PQUKCSLU" ("\PQUKCSLU")
Change component parameters (AddParameter): Name = "Reference"; Value = ""; VariantName = "[No Variations]"
Change component parameters (AddParameter): Name = "TU"; Value = "ÿ ¿¡.434110.002“”"; VariantName = "[No Variations]"
Change component parameters (AddParameter): Name = "value"; Value = "10 ŒÏ"; VariantName = "[No Variations]"
Change component parameters: Designator = "R6" ("R6"); Footprint = "0603"; UniqueID = "\DFLTEISJ" ("\DFLTEISJ")
Change component parameters (AddParameter): Name = "Reference"; Value = ""; VariantName = "[No Variations]"
Change component parameters (AddParameter): Name = "TU"; Value = "ÿ ¿¡.434110.002“”"; VariantName = "[No Variations]"
Change component parameters (AddParameter): Name = "value"; Value = "430 ŒÏ"; VariantName = "[No Variations]"
Change component parameters: Designator = "X6" ("X6"); Footprint = "2PIN5MMVINTKLEMM"; UniqueID = "\WWXCRMSA" ("\WWXCRMSA")
Change component parameters (AddParameter): Name = "LineName1"; Value = "+12V"; VariantName = "[No Variations]"
Change component parameters (AddParameter): Name = "LineName2"; Value = "GND"; VariantName = "[No Variations]"
Added Pin To Net: NetName=+12V Pin=C10-1
Added Pin To Net: NetName=+12V Pin=C11-1
Added Pin To Net: NetName=+12V Pin=C12-1
Added Pin To Net: NetName=+12V Pin=C13-1
Added Pin To Net: NetName=+3.3V Pin=C16-1
Added Pin To Net: NetName=+3.3V Pin=C17-1
Added Pin To Net: NetName=+3.3V Pin=DD2-4
Added Pin To Net: NetName=+3.3V Pin=L1-2
Added Pin To Net: NetName=+12V Pin=VT1-2
Added Pin To Net: NetName=+12V Pin=VT3-2
Added Pin To Net: NetName=+12V Pin=X5-1
Added Pin To Net: NetName=+IP Pin=X6-1
Change Net Name : Old Net Name=+IP New Net Name=+motor
Change Net Name : Old Net Name=NetC11_1 New Net Name=NetC9_1
Change Net Name : Old Net Name=NetDD3_2 New Net Name=NetDD2_2
Added Room: Name=Base_plate
