Change Component Footprint: Designator=R1 Old Footprint=0402 New Footprint=0603
Change Component Footprint: Designator=R6 Old Footprint=0402 New Footprint=0603
Change Component Footprint: Designator=R7 Old Footprint=0402 New Footprint=0603
Change Component Designator: OldDesignator=3 NewDesignator=C22
Change component parameters: Designator = "R1" ("R1"); Footprint = "0402"; UniqueID = "\MTQBJEAX" ("\MTQBJEAX")
Change component parameters (AddParameter): Name = "Reference"; Value = ""; VariantName = "[No Variations]"
Change component parameters (AddParameter): Name = "TU"; Value = "ÿ ¿¡.434110.002“”"; VariantName = "[No Variations]"
Change component parameters (AddParameter): Name = "value"; Value = "430R"; VariantName = "[No Variations]"
Change component parameters: Designator = "R2" ("R2"); Footprint = "0402"; UniqueID = "\WOCOHGHF" ("\WOCOHGHF")
Change component parameters (AddParameter): Name = "Reference"; Value = ""; VariantName = "[No Variations]"
Change component parameters (AddParameter): Name = "TU"; Value = "ÿ ¿¡.434110.002“”"; VariantName = "[No Variations]"
Change component parameters (AddParameter): Name = "value"; Value = "10R"; VariantName = "[No Variations]"
Change component parameters: Designator = "R3" ("R3"); Footprint = "0402"; UniqueID = "\WONHGZSX" ("\WONHGZSX")
Change component parameters (AddParameter): Name = "Reference"; Value = ""; VariantName = "[No Variations]"
Change component parameters (AddParameter): Name = "TU"; Value = "ÿ ¿¡.434110.002“”"; VariantName = "[No Variations]"
Change component parameters (AddParameter): Name = "value"; Value = "10R"; VariantName = "[No Variations]"
Change component parameters: Designator = "R4" ("R4"); Footprint = "0402"; UniqueID = "\ROWGHZRU" ("\ROWGHZRU")
Change component parameters (AddParameter): Name = "Reference"; Value = ""; VariantName = "[No Variations]"
Change component parameters (AddParameter): Name = "TU"; Value = "ÿ ¿¡.434110.002“”"; VariantName = "[No Variations]"
Change component parameters (AddParameter): Name = "value"; Value = "10R"; VariantName = "[No Variations]"
Change component parameters: Designator = "R5" ("R5"); Footprint = "0402"; UniqueID = "\PQUKCSLU" ("\PQUKCSLU")
Change component parameters (AddParameter): Name = "Reference"; Value = ""; VariantName = "[No Variations]"
Change component parameters (AddParameter): Name = "TU"; Value = "ÿ ¿¡.434110.002“”"; VariantName = "[No Variations]"
Change component parameters (AddParameter): Name = "value"; Value = "10R"; VariantName = "[No Variations]"
Change component parameters: Designator = "R6" ("R6"); Footprint = "0402"; UniqueID = "\DFLTEISJ" ("\DFLTEISJ")
Change component parameters (AddParameter): Name = "Reference"; Value = ""; VariantName = "[No Variations]"
Change component parameters (AddParameter): Name = "TU"; Value = "ÿ ¿¡.434110.002“”"; VariantName = "[No Variations]"
Change component parameters (AddParameter): Name = "value"; Value = "430R"; VariantName = "[No Variations]"
Change component parameters: Designator = "R7" ("R7"); Footprint = "0402"; UniqueID = "\ECOBKOOP" ("\ECOBKOOP")
Change component parameters (AddParameter): Name = "Reference"; Value = ""; VariantName = "[No Variations]"
Change component parameters (AddParameter): Name = "TU"; Value = "ÿ ¿¡.434110.002“”"; VariantName = "[No Variations]"
Change component parameters (AddParameter): Name = "value"; Value = "240R"; VariantName = "[No Variations]"
Added Member To Class: ClassName=Base_plate Member=Component R2 Resistor
Added Member To Class: ClassName=Base_plate Member=Component R3 Resistor
